<?xml version="1.0" encoding="UTF-8"?>
<!-- Generated by org.testng.reporters.JUnitReportReporter -->
<testsuite hostname="DESKTOP-ER1B2KO" failures="0" tests="1" name="testCases.TC002_LoginTest" time="1.732" errors="0" timestamp="2025-02-19T15:39:55 IST" skipped="0">
  <testcase classname="testCases.TC002_LoginTest" name="Verify_login" time="1.732"/>
  <system-out/>
</testsuite> <!-- testCases.TC002_LoginTest -->
