<?xml version="1.0" encoding="UTF-8"?>
<!-- Generated by org.testng.reporters.JUnitReportReporter -->
<testsuite hostname="DESKTOP-ER1B2KO" failures="0" tests="1" name="testCases.TC_002_LoginTest" time="1.661" errors="0" timestamp="2024-10-22T13:53:42 IST" skipped="0">
  <testcase classname="testCases.TC_002_LoginTest" name="Verify_login" time="1.661"/>
</testsuite> <!-- testCases.TC_002_LoginTest -->
