<?xml version="1.0" encoding="UTF-8"?>
<!-- Generated by org.testng.reporters.JUnitReportReporter -->
<testsuite hostname="DESKTOP-ER1B2KO" failures="0" tests="4" name="testCases.test" time="0.018" errors="0" timestamp="2025-03-11T12:59:09 IST" skipped="0">
  <testcase classname="testCases.test" name="b" time="0.015"/>
  <system-out/>
  <testcase classname="testCases.test" name="c" time="0.001"/>
  <system-out/>
  <testcase classname="testCases.test" name="a" time="0.001"/>
  <system-out/>
  <testcase classname="testCases.test" name="d" time="0.001"/>
  <system-out/>
</testsuite> <!-- testCases.test -->
