<?xml version="1.0" encoding="UTF-8"?>
<!-- Generated by org.testng.reporters.JUnitReportReporter -->
<testsuite hostname="DESKTOP-ER1B2KO" failures="0" tests="1" name="testCases.TC001_AccountRegistrationTest" time="3.534" errors="0" timestamp="2025-02-17T14:55:26 IST" skipped="0">
  <testcase classname="testCases.TC001_AccountRegistrationTest" name="verify_account_registration" time="3.534"/>
</testsuite> <!-- testCases.TC001_AccountRegistrationTest -->
